20220724|17:10:58|281473746039248|ERROR|error_test|/root/liux_httpd_server/test/test_log.cpp:45|
20220724|17:10:58|281473754431952|WARN|warn_test|/root/liux_httpd_server/test/test_log.cpp:38|
20220724|17:10:58|281473762824656|INFO|info_test|/root/liux_httpd_server/test/test_log.cpp:31|
20220724|17:10:58|281473771217360|DEBUG|debug_test|/root/liux_httpd_server/test/test_log.cpp:24|
20220724|17:10:58|281473779610064|TRACE|trace_test|/root/liux_httpd_server/test/test_log.cpp:17|
20220724|17:10:59|281473746039248|ERROR|error_test|/root/liux_httpd_server/test/test_log.cpp:45|
20220724|17:10:59|281473754431952|WARN|warn_test|/root/liux_httpd_server/test/test_log.cpp:38|
20220724|17:10:59|281473762824656|INFO|info_test|/root/liux_httpd_server/test/test_log.cpp:31|
20220724|17:10:59|281473771217360|DEBUG|debug_test|/root/liux_httpd_server/test/test_log.cpp:24|
20220724|17:10:59|281473779610064|TRACE|trace_test|/root/liux_httpd_server/test/test_log.cpp:17|
20220724|17:11:00|281473746039248|ERROR|error_test|/root/liux_httpd_server/test/test_log.cpp:45|
20220724|17:11:00|281473754431952|WARN|warn_test|/root/liux_httpd_server/test/test_log.cpp:38|
20220724|17:11:00|281473762824656|INFO|info_test|/root/liux_httpd_server/test/test_log.cpp:31|
20220724|17:11:00|281473771217360|DEBUG|debug_test|/root/liux_httpd_server/test/test_log.cpp:24|
20220724|17:11:00|281473779610064|TRACE|trace_test|/root/liux_httpd_server/test/test_log.cpp:17|
20220724|17:11:01|281473746039248|ERROR|error_test|/root/liux_httpd_server/test/test_log.cpp:45|
20220724|17:11:01|281473754431952|WARN|warn_test|/root/liux_httpd_server/test/test_log.cpp:38|
20220724|17:11:01|281473762824656|INFO|info_test|/root/liux_httpd_server/test/test_log.cpp:31|
20220724|17:11:01|281473771217360|DEBUG|debug_test|/root/liux_httpd_server/test/test_log.cpp:24|
20220724|17:11:01|281473779610064|TRACE|trace_test|/root/liux_httpd_server/test/test_log.cpp:17|
20220724|17:11:02|281473746039248|ERROR|error_test|/root/liux_httpd_server/test/test_log.cpp:45|
20220724|17:11:02|281473754431952|WARN|warn_test|/root/liux_httpd_server/test/test_log.cpp:38|
20220724|17:11:02|281473762824656|INFO|info_test|/root/liux_httpd_server/test/test_log.cpp:31|
20220724|17:11:02|281473771217360|DEBUG|debug_test|/root/liux_httpd_server/test/test_log.cpp:24|
20220724|17:11:02|281473779610064|TRACE|trace_test|/root/liux_httpd_server/test/test_log.cpp:17|
20220724|17:11:03|281473746039248|ERROR|error_test|/root/liux_httpd_server/test/test_log.cpp:45|
20220724|17:11:03|281473754431952|WARN|warn_test|/root/liux_httpd_server/test/test_log.cpp:38|
20220724|17:11:03|281473762824656|INFO|info_test|/root/liux_httpd_server/test/test_log.cpp:31|
20220724|17:11:03|281473771217360|DEBUG|debug_test|/root/liux_httpd_server/test/test_log.cpp:24|
20220724|17:11:03|281473779610064|TRACE|trace_test|/root/liux_httpd_server/test/test_log.cpp:17|
20220724|17:11:04|281473746039248|ERROR|error_test|/root/liux_httpd_server/test/test_log.cpp:45|
20220724|17:11:04|281473754431952|WARN|warn_test|/root/liux_httpd_server/test/test_log.cpp:38|
20220724|17:11:04|281473762824656|INFO|info_test|/root/liux_httpd_server/test/test_log.cpp:31|
20220724|17:11:04|281473771217360|DEBUG|debug_test|/root/liux_httpd_server/test/test_log.cpp:24|
20220724|17:11:04|281473779610064|TRACE|trace_test|/root/liux_httpd_server/test/test_log.cpp:17|
20220724|17:11:05|281473746039248|ERROR|error_test|/root/liux_httpd_server/test/test_log.cpp:45|
20220724|17:11:05|281473754431952|WARN|warn_test|/root/liux_httpd_server/test/test_log.cpp:38|
20220724|17:11:05|281473762824656|INFO|info_test|/root/liux_httpd_server/test/test_log.cpp:31|
20220724|17:11:05|281473771217360|DEBUG|debug_test|/root/liux_httpd_server/test/test_log.cpp:24|
20220724|17:11:05|281473779610064|TRACE|trace_test|/root/liux_httpd_server/test/test_log.cpp:17|
20220724|17:11:06|281473746039248|ERROR|error_test|/root/liux_httpd_server/test/test_log.cpp:45|
20220724|17:11:06|281473754431952|WARN|warn_test|/root/liux_httpd_server/test/test_log.cpp:38|
20220724|17:11:06|281473762824656|INFO|info_test|/root/liux_httpd_server/test/test_log.cpp:31|
20220724|17:11:06|281473771217360|DEBUG|debug_test|/root/liux_httpd_server/test/test_log.cpp:24|
20220724|17:11:06|281473779610064|TRACE|trace_test|/root/liux_httpd_server/test/test_log.cpp:17|
20220724|17:11:07|281473746039248|ERROR|error_test|/root/liux_httpd_server/test/test_log.cpp:45|
20220724|17:11:07|281473754431952|WARN|warn_test|/root/liux_httpd_server/test/test_log.cpp:38|
20220724|17:11:07|281473762824656|INFO|info_test|/root/liux_httpd_server/test/test_log.cpp:31|
20220724|17:11:07|281473771217360|DEBUG|debug_test|/root/liux_httpd_server/test/test_log.cpp:24|
20220724|17:11:07|281473779610064|TRACE|trace_test|/root/liux_httpd_server/test/test_log.cpp:17|
20220724|17:11:08|281473746039248|ERROR|error_test|/root/liux_httpd_server/test/test_log.cpp:45|
20220724|17:11:08|281473754431952|WARN|warn_test|/root/liux_httpd_server/test/test_log.cpp:38|
20220724|17:11:08|281473762824656|INFO|info_test|/root/liux_httpd_server/test/test_log.cpp:31|
20220724|17:11:08|281473771217360|DEBUG|debug_test|/root/liux_httpd_server/test/test_log.cpp:24|
20220724|17:11:08|281473779610064|TRACE|trace_test|/root/liux_httpd_server/test/test_log.cpp:17|
20220724|17:11:09|281473746039248|ERROR|error_test|/root/liux_httpd_server/test/test_log.cpp:45|
20220724|17:11:09|281473754431952|WARN|warn_test|/root/liux_httpd_server/test/test_log.cpp:38|
20220724|17:11:09|281473762824656|INFO|info_test|/root/liux_httpd_server/test/test_log.cpp:31|
20220724|17:11:09|281473771217360|DEBUG|debug_test|/root/liux_httpd_server/test/test_log.cpp:24|
20220724|17:11:09|281473779610064|TRACE|trace_test|/root/liux_httpd_server/test/test_log.cpp:17|
20220724|17:11:10|281473746039248|ERROR|error_test|/root/liux_httpd_server/test/test_log.cpp:45|
20220724|17:11:10|281473754431952|WARN|warn_test|/root/liux_httpd_server/test/test_log.cpp:38|
20220724|17:11:10|281473762824656|INFO|info_test|/root/liux_httpd_server/test/test_log.cpp:31|
20220724|17:11:10|281473771217360|DEBUG|debug_test|/root/liux_httpd_server/test/test_log.cpp:24|
20220724|17:11:10|281473779610064|TRACE|trace_test|/root/liux_httpd_server/test/test_log.cpp:17|
20220724|17:11:11|281473746039248|ERROR|error_test|/root/liux_httpd_server/test/test_log.cpp:45|
20220724|17:11:11|281473754431952|WARN|warn_test|/root/liux_httpd_server/test/test_log.cpp:38|
20220724|17:11:11|281473762824656|INFO|info_test|/root/liux_httpd_server/test/test_log.cpp:31|
20220724|17:11:11|281473771217360|DEBUG|debug_test|/root/liux_httpd_server/test/test_log.cpp:24|
20220724|17:11:11|281473779610064|TRACE|trace_test|/root/liux_httpd_server/test/test_log.cpp:17|
20220724|17:11:12|281473746039248|ERROR|error_test|/root/liux_httpd_server/test/test_log.cpp:45|
20220724|17:11:12|281473754431952|WARN|warn_test|/root/liux_httpd_server/test/test_log.cpp:38|
20220724|17:11:12|281473762824656|INFO|info_test|/root/liux_httpd_server/test/test_log.cpp:31|
20220724|17:11:12|281473771217360|DEBUG|debug_test|/root/liux_httpd_server/test/test_log.cpp:24|
20220724|17:11:12|281473779610064|TRACE|trace_test|/root/liux_httpd_server/test/test_log.cpp:17|
20220724|17:11:13|281473746039248|ERROR|error_test|/root/liux_httpd_server/test/test_log.cpp:45|
20220724|17:11:13|281473754431952|WARN|warn_test|/root/liux_httpd_server/test/test_log.cpp:38|
20220724|17:11:13|281473762824656|INFO|info_test|/root/liux_httpd_server/test/test_log.cpp:31|
20220724|17:11:13|281473771217360|DEBUG|debug_test|/root/liux_httpd_server/test/test_log.cpp:24|
20220724|17:11:13|281473779610064|TRACE|trace_test|/root/liux_httpd_server/test/test_log.cpp:17|
20220724|17:11:14|281473746039248|ERROR|error_test|/root/liux_httpd_server/test/test_log.cpp:45|
20220724|17:11:14|281473754431952|WARN|warn_test|/root/liux_httpd_server/test/test_log.cpp:38|
20220724|17:11:14|281473762824656|INFO|info_test|/root/liux_httpd_server/test/test_log.cpp:31|
20220724|17:11:14|281473771217360|DEBUG|debug_test|/root/liux_httpd_server/test/test_log.cpp:24|
20220724|17:11:14|281473779610064|TRACE|trace_test|/root/liux_httpd_server/test/test_log.cpp:17|
20220724|17:11:15|281473746039248|ERROR|error_test|/root/liux_httpd_server/test/test_log.cpp:45|
20220724|17:11:15|281473754431952|WARN|warn_test|/root/liux_httpd_server/test/test_log.cpp:38|
20220724|17:11:15|281473762824656|INFO|info_test|/root/liux_httpd_server/test/test_log.cpp:31|
20220724|17:11:15|281473771217360|DEBUG|debug_test|/root/liux_httpd_server/test/test_log.cpp:24|
20220724|17:11:15|281473779610064|TRACE|trace_test|/root/liux_httpd_server/test/test_log.cpp:17|
